-------------------------------------------------------------------------------
Test set: CourierLoginTest
-------------------------------------------------------------------------------
Tests run: 6, Failures: 1, Errors: 0, Skipped: 0, Time elapsed: 62.731 s <<< FAILURE! - in CourierLoginTest
testLoginCourierWithoutPasswordFailure(CourierLoginTest)  Time elapsed: 60.534 s  <<< FAILURE!
java.lang.AssertionError: 
1 expectation failed.
Expected status code <400> but was <504>.

	at CourierLoginTest.testLoginCourierWithoutPasswordFailure(CourierLoginTest.java:62)

