<?xml version="1.0" encoding="UTF-8"?>
<testsuite xmlns:xsi="http://www.w3.org/2001/XMLSchema-instance" xsi:noNamespaceSchemaLocation="https://maven.apache.org/surefire/maven-surefire-plugin/xsd/surefire-test-report.xsd" name="CourierLoginTest" time="63.254" tests="6" errors="0" skipped="0" failures="1">
  <properties>
[...]
</properties>
  <testcase name="testLoginCourierWithWrongLoginFailure" classname="CourierLoginTest" time="0.416"/>
  <testcase name="testLoginCourierWithoutPasswordFailure" classname="CourierLoginTest" time="60.582">
    <failure message="1 expectation failed.&#10;Expected status code &lt;400&gt; but was &lt;504&gt;.&#10;" type="java.lang.AssertionError"><![CDATA[java.lang.AssertionError: 
1 expectation failed.
Expected status code <400> but was <504>.

	at CourierLoginTest.testLoginCourierWithoutPasswordFailure(CourierLoginTest.java:54)
]]></failure>
    <system-out><![CDATA[Request method:	POST
Request URI:	http://qa-scooter.praktikum-services.ru/api/v1/courier
Proxy:			<none>
Request params:	<none>
Query params:	<none>
Form params:	<none>
Path params:	<none>
Headers:		Accept=*/*
				Content-Type=application/json
Cookies:		<none>
Multiparts:		<none>
Body:
{
    "login": "F6vyDJ1Y4y@example.com",
    "password": "OXJTKAUVkx",
    "firstName": "KmkjiJPV"
}
HTTP/1.1 201 Created
Access-Control-Allow-Origin: *
Content-Length: 11
Content-Type: application/json; charset=utf-8
Date: Tue, 27 Sep 2022 10:41:29 GMT
ETag: W/"b-Ai2R8hgEarLmHKwesT1qcY913ys"
Set-Cookie: _yasc=wLNBzjfmbEGWhR1vbN2Y0gEpXgm9ZRbHCax4AfH/JWun/g==; domain=.praktikum-services.ru; path=/; expires=Thu, 27-Oct-2022 10:41:29 GMT; secure
X-Powered-By: Express
X-Request-Id: 1664275289402191-15151171714103567130

{
    "ok": true
}
Request method:	POST
Request URI:	http://qa-scooter.praktikum-services.ru/api/v1/courier/login
Proxy:			<none>
Request params:	<none>
Query params:	<none>
Form params:	<none>
Path params:	<none>
Headers:		Accept=*/*
				Content-Type=application/json
Cookies:		<none>
Multiparts:		<none>
Body:
{
    "login": "F6vyDJ1Y4y@example.com"
}
HTTP/1.1 504 Gateway time out
Content-Length: 19
Set-Cookie: _yasc=yFsvASoTS21PoysbAGLvkXxty98A/OI+5B3BEYAzce9jtw==; domain=.praktikum-services.ru; path=/; expires=Thu, 27-Oct-2022 10:41:29 GMT; secure
X-Request-Id: 1664275289515120-3188570174412474310

Service unavailable
Request method:	POST
Request URI:	http://qa-scooter.praktikum-services.ru/api/v1/courier/login
Proxy:			<none>
Request params:	<none>
Query params:	<none>
Form params:	<none>
Path params:	<none>
Headers:		Accept=*/*
				Content-Type=application/json
Cookies:		<none>
Multiparts:		<none>
Body:
{
    "login": "F6vyDJ1Y4y@example.com",
    "password": "OXJTKAUVkx"
}
HTTP/1.1 200 OK
Access-Control-Allow-Origin: *
Content-Length: 13
Content-Type: application/json; charset=utf-8
Date: Tue, 27 Sep 2022 10:42:29 GMT
ETag: W/"d-+WvoNqyW0vzfUC9NrphFxBGJ5Zo"
Set-Cookie: _yasc=c+zx2oDu4ZkCtylPjM6XkyKG00zhz1lozKxbm4XymGXnLg==; domain=.praktikum-services.ru; path=/; expires=Thu, 27-Oct-2022 10:42:29 GMT; secure
X-Powered-By: Express
X-Request-Id: 1664275349673176-6204898440871898152

{
    "id": 111293
}
Request method:	DELETE
Request URI:	http://qa-scooter.praktikum-services.ru/api/v1/courier/111293
Proxy:			<none>
Request params:	<none>
Query params:	<none>
Form params:	<none>
Path params:	id=111293
Headers:		Accept=*/*
				Content-Type=application/json
Cookies:		<none>
Multiparts:		<none>
Body:			<none>
HTTP/1.1 200 OK
Access-Control-Allow-Origin: *
Content-Length: 11
Content-Type: application/json; charset=utf-8
Date: Tue, 27 Sep 2022 10:42:29 GMT
ETag: W/"b-Ai2R8hgEarLmHKwesT1qcY913ys"
Set-Cookie: _yasc=w6Mqhh5mGRjNQlmc87G42fYVs8vG1vWzPx5NQR2wKUGpLA==; domain=.praktikum-services.ru; path=/; expires=Thu, 27-Oct-2022 10:42:29 GMT; secure
X-Powered-By: Express
X-Request-Id: 1664275349863548-7337177213547641001

{
    "ok": true
}
]]></system-out>
  </testcase>
  <testcase name="testLoginNonexistentCourierFailure" classname="CourierLoginTest" time="0.667"/>
  <testcase name="testLoginCourierWithRequiredFieldsSuccess" classname="CourierLoginTest" time="0.493"/>
  <testcase name="testLoginCourierWithWrongPasswordFailure" classname="CourierLoginTest" time="0.475"/>
  <testcase name="testLoginCourierWithoutLoginFailure" classname="CourierLoginTest" time="0.614"/>
</testsuite>